<?xml version="1.0" encoding="UTF-8"?>
<!-- Generated by org.testng.reporters.JUnitXMLReporter -->
<testsuite ignored="0" hostname="SINETHEMBAS-MacBook-Pro.local" failures="0" tests="3" name="Default test" time="0.034" errors="0" timestamp="2020-11-08T12:36:10 SAST">
  <testcase classname="omf.test.VerifyCapitalAndTermValues" name="exampleOfTestNgMaven_1" time="0.006"/>
  <testcase classname="omf.test.VerifyCapitalAndTermValues" name="exampleOfTestNgMaven_2" time="0.001"/>
  <testcase classname="omf.test.VerifyCapitalAndTermValues" name="exampleOfTestNgMaven_3" time="0.0"/>
</testsuite> <!-- Default test -->
